2024-06-13 07:00:00,945 INFO [Process Cluster Protocol Request-10] o.a.n.c.p.impl.SocketProtocolListener Finished processing request 49adb51f-628a-4176-bb5a-02db4bac3f5d (type=HEARTBEAT, length=2315 bytes) from c4c963e0a771:8080 in 1 millis
2024-06-13 07:00:00,954 INFO [Clustering Tasks Thread-2] o.a.n.c.c.ClusterProtocolHeartbeater Heartbeat created at 2024-06-13 07:00:00,941 and sent to c4c963e0a771:8082 at 2024-06-13 07:00:00,954; send took 13 millis
2024-06-13 07:00:01,575 INFO [Heartbeat Monitor Thread-1] o.a.n.c.c.h.AbstractHeartbeatMonitor Finished processing 1 heartbeats in 13656 nanos
2024-06-13 07:00:05,959 INFO [Process Cluster Protocol Request-1] o.a.n.c.p.impl.SocketProtocolListener Finished processing request 94d208eb-ca57-4d08-a04d-5900d707757c (type=HEARTBEAT, length=2315 bytes) from c4c963e0a771:8080 in 1 millis
2024-06-13 07:00:05,961 INFO [Clustering Tasks Thread-2] o.a.n.c.c.ClusterProtocolHeartbeater Heartbeat created at 2024-06-13 07:00:05,955 and sent to c4c963e0a771:8082 at 2024-06-13 07:00:05,961; send took 5 millis
2024-06-13 07:00:06,575 INFO [Heartbeat Monitor Thread-1] o.a.n.c.c.h.AbstractHeartbeatMonitor Finished processing 1 heartbeats in 14732 nanos
2024-06-13 07:00:09,189 INFO [pool-13-thread-1] o.a.n.c.r.WriteAheadFlowFileRepository Initiating checkpoint of FlowFile Repository
2024-06-13 07:00:09,189 INFO [pool-13-thread-1] o.a.n.c.r.WriteAheadFlowFileRepository Successfully checkpointed FlowFile Repository with 0 records in 0 milliseconds
2024-06-13 07:00:10,966 INFO [Process Cluster Protocol Request-3] o.a.n.c.p.impl.SocketProtocolListener Finished processing request e3081af2-b778-4f7a-a96b-e53ad6ef4aae (type=HEARTBEAT, length=2315 bytes) from c4c963e0a771:8080 in 1 millis
2024-06-13 07:00:10,967 INFO [Clustering Tasks Thread-2] o.a.n.c.c.ClusterProtocolHeartbeater Heartbeat created at 2024-06-13 07:00:10,962 and sent to c4c963e0a771:8082 at 2024-06-13 07:00:10,967; send took 5 millis
2024-06-13 07:00:11,576 INFO [Heartbeat Monitor Thread-1] o.a.n.c.c.h.AbstractHeartbeatMonitor Finished processing 1 heartbeats in 12944 nanos
2024-06-13 07:00:15,971 INFO [Process Cluster Protocol Request-2] o.a.n.c.p.impl.SocketProtocolListener Finished processing request b3142b13-247d-49c4-9245-d94e5f6bfa7b (type=HEARTBEAT, length=2315 bytes) from c4c963e0a771:8080 in 1 millis
2024-06-13 07:00:15,973 INFO [Clustering Tasks Thread-2] o.a.n.c.c.ClusterProtocolHeartbeater Heartbeat created at 2024-06-13 07:00:15,968 and sent to c4c963e0a771:8082 at 2024-06-13 07:00:15,973; send took 4 millis
2024-06-13 07:00:16,576 INFO [Heartbeat Monitor Thread-1] o.a.n.c.c.h.AbstractHeartbeatMonitor Finished processing 1 heartbeats in 13854 nanos
2024-06-13 07:00:20,977 INFO [Process Cluster Protocol Request-4] o.a.n.c.p.impl.SocketProtocolListener Finished processing request 125f788b-84f8-444d-a9cc-6085bca5d1fc (type=HEARTBEAT, length=2315 bytes) from c4c963e0a771:8080 in 1 millis
2024-06-13 07:00:20,986 INFO [Clustering Tasks Thread-2] o.a.n.c.c.ClusterProtocolHeartbeater Heartbeat created at 2024-06-13 07:00:20,973 and sent to c4c963e0a771:8082 at 2024-06-13 07:00:20,986; send took 12 millis
2024-06-13 07:00:21,576 INFO [Heartbeat Monitor Thread-1] o.a.n.c.c.h.AbstractHeartbeatMonitor Finished processing 1 heartbeats in 12989 nanos
2024-06-13 07:00:25,989 INFO [Process Cluster Protocol Request-5] o.a.n.c.p.impl.SocketProtocolListener Finished processing request 552fa619-e586-4a0a-9061-6e85e9aa6d1e (type=HEARTBEAT, length=2315 bytes) from c4c963e0a771:8080 in 1 millis
2024-06-13 07:00:25,991 INFO [Clustering Tasks Thread-2] o.a.n.c.c.ClusterProtocolHeartbeater Heartbeat created at 2024-06-13 07:00:25,986 and sent to c4c963e0a771:8082 at 2024-06-13 07:00:25,991; send took 4 millis
2024-06-13 07:00:26,576 INFO [Heartbeat Monitor Thread-1] o.a.n.c.c.h.AbstractHeartbeatMonitor Finished processing 1 heartbeats in 12984 nanos
2024-06-13 07:00:28,775 INFO [Write-Ahead Local State Provider Maintenance] org.wali.MinimalLockingWriteAheadLog org.wali.MinimalLockingWriteAheadLog@432a6a69 checkpointed with 29 Records and 0 Swap Files in 6 milliseconds (Stop-the-world time = 1 milliseconds, Clear Edit Logs time = 2 millis), max Transaction ID 118
2024-06-13 07:00:29,190 INFO [pool-13-thread-1] o.a.n.c.r.WriteAheadFlowFileRepository Initiating checkpoint of FlowFile Repository
2024-06-13 07:00:29,190 INFO [pool-13-thread-1] o.a.n.c.r.WriteAheadFlowFileRepository Successfully checkpointed FlowFile Repository with 0 records in 0 milliseconds
2024-06-13 07:00:30,994 INFO [Process Cluster Protocol Request-6] o.a.n.c.p.impl.SocketProtocolListener Finished processing request 60c77c2d-b6cf-4f4d-a686-e2b0b3446ee4 (type=HEARTBEAT, length=2315 bytes) from c4c963e0a771:8080 in 1 millis
2024-06-13 07:00:30,999 INFO [Clustering Tasks Thread-2] o.a.n.c.c.ClusterProtocolHeartbeater Heartbeat created at 2024-06-13 07:00:30,991 and sent to c4c963e0a771:8082 at 2024-06-13 07:00:30,999; send took 7 millis
2024-06-13 07:00:31,577 INFO [Heartbeat Monitor Thread-1] o.a.n.c.c.h.AbstractHeartbeatMonitor Finished processing 1 heartbeats in 14581 nanos
2024-06-13 07:00:35,840 INFO [Cleanup Archive for default] o.a.n.c.repository.FileSystemRepository Successfully deleted 0 files (0 bytes) from archive
2024-06-13 07:00:36,004 INFO [Process Cluster Protocol Request-7] o.a.n.c.p.impl.SocketProtocolListener Finished processing request e68ce111-944a-479a-886a-1f1f390ffdef (type=HEARTBEAT, length=2315 bytes) from c4c963e0a771:8080 in 1 millis
2024-06-13 07:00:36,005 INFO [Clustering Tasks Thread-2] o.a.n.c.c.ClusterProtocolHeartbeater Heartbeat created at 2024-06-13 07:00:36,000 and sent to c4c963e0a771:8082 at 2024-06-13 07:00:36,005; send took 5 millis
2024-06-13 07:00:36,577 INFO [Heartbeat Monitor Thread-1] o.a.n.c.c.h.AbstractHeartbeatMonitor Finished processing 1 heartbeats in 11757 nanos
2024-06-13 07:00:41,018 INFO [Process Cluster Protocol Request-8] o.a.n.c.p.impl.SocketProtocolListener Finished processing request 2b01e539-cdaf-494f-9061-55ffbdd383a0 (type=HEARTBEAT, length=2315 bytes) from c4c963e0a771:8080 in 6 millis
2024-06-13 07:00:41,020 INFO [Clustering Tasks Thread-2] o.a.n.c.c.ClusterProtocolHeartbeater Heartbeat created at 2024-06-13 07:00:41,006 and sent to c4c963e0a771:8082 at 2024-06-13 07:00:41,020; send took 13 millis
2024-06-13 07:00:41,577 INFO [Heartbeat Monitor Thread-1] o.a.n.c.c.h.AbstractHeartbeatMonitor Finished processing 1 heartbeats in 10885 nanos
2024-06-13 07:00:46,024 INFO [Process Cluster Protocol Request-9] o.a.n.c.p.impl.SocketProtocolListener Finished processing request 36300c6e-1ba5-4216-b29c-6bc651f9318e (type=HEARTBEAT, length=2315 bytes) from c4c963e0a771:8080 in 1 millis
2024-06-13 07:00:46,025 INFO [Clustering Tasks Thread-2] o.a.n.c.c.ClusterProtocolHeartbeater Heartbeat created at 2024-06-13 07:00:46,020 and sent to c4c963e0a771:8082 at 2024-06-13 07:00:46,025; send took 5 millis
2024-06-13 07:00:46,578 INFO [Heartbeat Monitor Thread-1] o.a.n.c.c.h.AbstractHeartbeatMonitor Finished processing 1 heartbeats in 12969 nanos
2024-06-13 07:00:49,190 INFO [pool-13-thread-1] o.a.n.c.r.WriteAheadFlowFileRepository Initiating checkpoint of FlowFile Repository
2024-06-13 07:00:49,190 INFO [pool-13-thread-1] o.a.n.c.r.WriteAheadFlowFileRepository Successfully checkpointed FlowFile Repository with 0 records in 0 milliseconds
2024-06-13 07:00:51,032 INFO [Process Cluster Protocol Request-10] o.a.n.c.p.impl.SocketProtocolListener Finished processing request 0ac06245-ed81-403c-9c75-cda37dcd386f (type=HEARTBEAT, length=2315 bytes) from c4c963e0a771:8080 in 3 millis
2024-06-13 07:00:51,035 INFO [Clustering Tasks Thread-2] o.a.n.c.c.ClusterProtocolHeartbeater Heartbeat created at 2024-06-13 07:00:51,026 and sent to c4c963e0a771:8082 at 2024-06-13 07:00:51,035; send took 9 millis
2024-06-13 07:00:51,578 INFO [Heartbeat Monitor Thread-1] o.a.n.c.c.h.AbstractHeartbeatMonitor Finished processing 1 heartbeats in 12586 nanos
2024-06-13 07:00:56,040 INFO [Process Cluster Protocol Request-1] o.a.n.c.p.impl.SocketProtocolListener Finished processing request 403b6c2a-a27e-4c23-9f67-15c3791aaa77 (type=HEARTBEAT, length=2315 bytes) from c4c963e0a771:8080 in 1 millis
2024-06-13 07:00:56,043 INFO [Clustering Tasks Thread-2] o.a.n.c.c.ClusterProtocolHeartbeater Heartbeat created at 2024-06-13 07:00:56,036 and sent to c4c963e0a771:8082 at 2024-06-13 07:00:56,043; send took 6 millis
2024-06-13 07:00:56,579 INFO [Heartbeat Monitor Thread-1] o.a.n.c.c.h.AbstractHeartbeatMonitor Finished processing 1 heartbeats in 82009 nanos
2024-06-13 07:01:01,052 INFO [Process Cluster Protocol Request-3] o.a.n.c.p.impl.SocketProtocolListener Finished processing request de42aca5-cae6-4eb8-a304-d022de5c6aac (type=HEARTBEAT, length=2315 bytes) from c4c963e0a771:8080 in 2 millis
2024-06-13 07:01:01,054 INFO [Clustering Tasks Thread-2] o.a.n.c.c.ClusterProtocolHeartbeater Heartbeat created at 2024-06-13 07:01:01,043 and sent to c4c963e0a771:8082 at 2024-06-13 07:01:01,054; send took 10 millis
2024-06-13 07:01:01,586 INFO [Heartbeat Monitor Thread-1] o.a.n.c.c.h.AbstractHeartbeatMonitor Finished processing 1 heartbeats in 16033 nanos
2024-06-13 07:01:06,059 INFO [Process Cluster Protocol Request-2] o.a.n.c.p.impl.SocketProtocolListener Finished processing request d0560a05-5b92-4c7c-a87f-b40645949b9a (type=HEARTBEAT, length=2315 bytes) from c4c963e0a771:8080 in 1 millis
2024-06-13 07:01:06,061 INFO [Clustering Tasks Thread-2] o.a.n.c.c.ClusterProtocolHeartbeater Heartbeat created at 2024-06-13 07:01:06,055 and sent to c4c963e0a771:8082 at 2024-06-13 07:01:06,061; send took 5 millis
2024-06-13 07:01:06,587 INFO [Heartbeat Monitor Thread-1] o.a.n.c.c.h.AbstractHeartbeatMonitor Finished processing 1 heartbeats in 11913 nanos
2024-06-13 07:01:09,190 INFO [pool-13-thread-1] o.a.n.c.r.WriteAheadFlowFileRepository Initiating checkpoint of FlowFile Repository
2024-06-13 07:01:09,191 INFO [pool-13-thread-1] o.a.n.c.r.WriteAheadFlowFileRepository Successfully checkpointed FlowFile Repository with 0 records in 0 milliseconds
2024-06-13 07:01:11,067 INFO [Process Cluster Protocol Request-4] o.a.n.c.p.impl.SocketProtocolListener Finished processing request f53ef34d-72fb-4b7f-85af-5570e01fa122 (type=HEARTBEAT, length=2315 bytes) from c4c963e0a771:8080 in 2 millis
2024-06-13 07:01:11,069 INFO [Clustering Tasks Thread-2] o.a.n.c.c.ClusterProtocolHeartbeater Heartbeat created at 2024-06-13 07:01:11,061 and sent to c4c963e0a771:8082 at 2024-06-13 07:01:11,069; send took 7 millis
2024-06-13 07:01:11,587 INFO [Heartbeat Monitor Thread-1] o.a.n.c.c.h.AbstractHeartbeatMonitor Finished processing 1 heartbeats in 19780 nanos
2024-06-13 07:01:16,074 INFO [Process Cluster Protocol Request-5] o.a.n.c.p.impl.SocketProtocolListener Finished processing request 9c03528d-d255-4f10-b6bd-15cff0f1ac76 (type=HEARTBEAT, length=2315 bytes) from c4c963e0a771:8080 in 1 millis
2024-06-13 07:01:16,075 INFO [Clustering Tasks Thread-2] o.a.n.c.c.ClusterProtocolHeartbeater Heartbeat created at 2024-06-13 07:01:16,069 and sent to c4c963e0a771:8082 at 2024-06-13 07:01:16,075; send took 6 millis
2024-06-13 07:01:16,587 INFO [Heartbeat Monitor Thread-1] o.a.n.c.c.h.AbstractHeartbeatMonitor Finished processing 1 heartbeats in 12567 nanos
2024-06-13 07:01:21,080 INFO [Process Cluster Protocol Request-6] o.a.n.c.p.impl.SocketProtocolListener Finished processing request 8386de46-783f-46ad-bb45-d9c069a70983 (type=HEARTBEAT, length=2315 bytes) from c4c963e0a771:8080 in 1 millis
2024-06-13 07:01:21,085 INFO [Clustering Tasks Thread-2] o.a.n.c.c.ClusterProtocolHeartbeater Heartbeat created at 2024-06-13 07:01:21,076 and sent to c4c963e0a771:8082 at 2024-06-13 07:01:21,085; send took 9 millis
2024-06-13 07:01:21,588 INFO [Heartbeat Monitor Thread-1] o.a.n.c.c.h.AbstractHeartbeatMonitor Finished processing 1 heartbeats in 14305 nanos
2024-06-13 07:01:26,091 INFO [Process Cluster Protocol Request-7] o.a.n.c.p.impl.SocketProtocolListener Finished processing request dc0e2fbe-ffbd-4327-be64-9211d317040e (type=HEARTBEAT, length=2315 bytes) from c4c963e0a771:8080 in 2 millis
2024-06-13 07:01:26,093 INFO [Clustering Tasks Thread-2] o.a.n.c.c.ClusterProtocolHeartbeater Heartbeat created at 2024-06-13 07:01:26,085 and sent to c4c963e0a771:8082 at 2024-06-13 07:01:26,093; send took 7 millis
2024-06-13 07:01:26,588 INFO [Heartbeat Monitor Thread-1] o.a.n.c.c.h.AbstractHeartbeatMonitor Finished processing 1 heartbeats in 10979 nanos
2024-06-13 07:01:29,191 INFO [pool-13-thread-1] o.a.n.c.r.WriteAheadFlowFileRepository Initiating checkpoint of FlowFile Repository
2024-06-13 07:01:29,191 INFO [pool-13-thread-1] o.a.n.c.r.WriteAheadFlowFileRepository Successfully checkpointed FlowFile Repository with 0 records in 0 milliseconds
2024-06-13 07:01:31,100 INFO [Process Cluster Protocol Request-8] o.a.n.c.p.impl.SocketProtocolListener Finished processing request 79dfe4b5-3196-4d67-9936-9d280b50f5bc (type=HEARTBEAT, length=2315 bytes) from c4c963e0a771:8080 in 4 millis
2024-06-13 07:01:31,102 INFO [Clustering Tasks Thread-2] o.a.n.c.c.ClusterProtocolHeartbeater Heartbeat created at 2024-06-13 07:01:31,093 and sent to c4c963e0a771:8082 at 2024-06-13 07:01:31,102; send took 8 millis
2024-06-13 07:01:31,589 INFO [Heartbeat Monitor Thread-1] o.a.n.c.c.h.AbstractHeartbeatMonitor Finished processing 1 heartbeats in 12584 nanos
2024-06-13 07:01:35,858 INFO [Cleanup Archive for default] o.a.n.c.repository.FileSystemRepository Successfully deleted 0 files (0 bytes) from archive
2024-06-13 07:01:36,106 INFO [Process Cluster Protocol Request-9] o.a.n.c.p.impl.SocketProtocolListener Finished processing request 6a203ade-65fb-42e2-a020-758a06e28af0 (type=HEARTBEAT, length=2315 bytes) from c4c963e0a771:8080 in 1 millis
2024-06-13 07:01:36,108 INFO [Clustering Tasks Thread-2] o.a.n.c.c.ClusterProtocolHeartbeater Heartbeat created at 2024-06-13 07:01:36,102 and sent to c4c963e0a771:8082 at 2024-06-13 07:01:36,108; send took 5 millis
2024-06-13 07:01:36,589 INFO [Heartbeat Monitor Thread-1] o.a.n.c.c.h.AbstractHeartbeatMonitor Finished processing 1 heartbeats in 14012 nanos
2024-06-13 07:01:41,112 INFO [Process Cluster Protocol Request-10] o.a.n.c.p.impl.SocketProtocolListener Finished processing request 86def998-dc84-44d3-9cc9-fea357c64fe4 (type=HEARTBEAT, length=2315 bytes) from c4c963e0a771:8080 in 1 millis
2024-06-13 07:01:41,113 INFO [Clustering Tasks Thread-2] o.a.n.c.c.ClusterProtocolHeartbeater Heartbeat created at 2024-06-13 07:01:41,108 and sent to c4c963e0a771:8082 at 2024-06-13 07:01:41,113; send took 4 millis
2024-06-13 07:01:41,590 INFO [Heartbeat Monitor Thread-1] o.a.n.c.c.h.AbstractHeartbeatMonitor Finished processing 1 heartbeats in 11956 nanos
2024-06-13 07:01:46,119 INFO [Process Cluster Protocol Request-1] o.a.n.c.p.impl.SocketProtocolListener Finished processing request 4848c1de-3127-4cc1-ad7b-514ad211483f (type=HEARTBEAT, length=2315 bytes) from c4c963e0a771:8080 in 1 millis
2024-06-13 07:01:46,121 INFO [Clustering Tasks Thread-2] o.a.n.c.c.ClusterProtocolHeartbeater Heartbeat created at 2024-06-13 07:01:46,115 and sent to c4c963e0a771:8082 at 2024-06-13 07:01:46,121; send took 5 millis
2024-06-13 07:01:46,590 INFO [Heartbeat Monitor Thread-1] o.a.n.c.c.h.AbstractHeartbeatMonitor Finished processing 1 heartbeats in 11530 nanos
2024-06-13 07:01:49,191 INFO [pool-13-thread-1] o.a.n.c.r.WriteAheadFlowFileRepository Initiating checkpoint of FlowFile Repository
2024-06-13 07:01:49,191 INFO [pool-13-thread-1] o.a.n.c.r.WriteAheadFlowFileRepository Successfully checkpointed FlowFile Repository with 0 records in 0 milliseconds
2024-06-13 07:01:51,126 INFO [Process Cluster Protocol Request-3] o.a.n.c.p.impl.SocketProtocolListener Finished processing request 57e9d91b-cefb-478a-9e6b-391aed44e2da (type=HEARTBEAT, length=2315 bytes) from c4c963e0a771:8080 in 2 millis
2024-06-13 07:01:51,128 INFO [Clustering Tasks Thread-2] o.a.n.c.c.ClusterProtocolHeartbeater Heartbeat created at 2024-06-13 07:01:51,121 and sent to c4c963e0a771:8082 at 2024-06-13 07:01:51,128; send took 6 millis
2024-06-13 07:01:51,590 INFO [Heartbeat Monitor Thread-1] o.a.n.c.c.h.AbstractHeartbeatMonitor Finished processing 1 heartbeats in 12802 nanos
2024-06-13 07:01:56,143 INFO [Process Cluster Protocol Request-2] o.a.n.c.p.impl.SocketProtocolListener Finished processing request 3fcd9647-8c40-4e3b-a5a9-e464339886ae (type=HEARTBEAT, length=2315 bytes) from c4c963e0a771:8080 in 12 millis
2024-06-13 07:01:56,145 INFO [Clustering Tasks Thread-2] o.a.n.c.c.ClusterProtocolHeartbeater Heartbeat created at 2024-06-13 07:01:56,128 and sent to c4c963e0a771:8082 at 2024-06-13 07:01:56,145; send took 16 millis
2024-06-13 07:01:56,591 INFO [Heartbeat Monitor Thread-1] o.a.n.c.c.h.AbstractHeartbeatMonitor Finished processing 1 heartbeats in 11898 nanos
2024-06-13 07:02:01,154 INFO [Process Cluster Protocol Request-4] o.a.n.c.p.impl.SocketProtocolListener Finished processing request 0295e757-1cda-4cf7-82f3-cd439fc75e7e (type=HEARTBEAT, length=2315 bytes) from c4c963e0a771:8080 in 4 millis
2024-06-13 07:02:01,157 INFO [Clustering Tasks Thread-2] o.a.n.c.c.ClusterProtocolHeartbeater Heartbeat created at 2024-06-13 07:02:01,146 and sent to c4c963e0a771:8082 at 2024-06-13 07:02:01,157; send took 11 millis
2024-06-13 07:02:01,591 INFO [Heartbeat Monitor Thread-1] o.a.n.c.c.h.AbstractHeartbeatMonitor Finished processing 1 heartbeats in 13935 nanos
2024-06-13 07:02:06,163 INFO [Process Cluster Protocol Request-5] o.a.n.c.p.impl.SocketProtocolListener Finished processing request 883d2859-03d4-4d42-a28d-993f00848e86 (type=HEARTBEAT, length=2315 bytes) from c4c963e0a771:8080 in 2 millis
2024-06-13 07:02:06,169 INFO [Clustering Tasks Thread-2] o.a.n.c.c.ClusterProtocolHeartbeater Heartbeat created at 2024-06-13 07:02:06,157 and sent to c4c963e0a771:8082 at 2024-06-13 07:02:06,169; send took 11 millis
2024-06-13 07:02:06,592 INFO [Heartbeat Monitor Thread-1] o.a.n.c.c.h.AbstractHeartbeatMonitor Finished processing 1 heartbeats in 34340 nanos
2024-06-13 07:02:09,191 INFO [pool-13-thread-1] o.a.n.c.r.WriteAheadFlowFileRepository Initiating checkpoint of FlowFile Repository
2024-06-13 07:02:09,192 INFO [pool-13-thread-1] o.a.n.c.r.WriteAheadFlowFileRepository Successfully checkpointed FlowFile Repository with 0 records in 0 milliseconds
2024-06-13 07:02:11,175 INFO [Process Cluster Protocol Request-6] o.a.n.c.p.impl.SocketProtocolListener Finished processing request 91e2b5a3-a6ad-49ea-bf5a-fab05b87ac4b (type=HEARTBEAT, length=2315 bytes) from c4c963e0a771:8080 in 2 millis
2024-06-13 07:02:11,178 INFO [Clustering Tasks Thread-2] o.a.n.c.c.ClusterProtocolHeartbeater Heartbeat created at 2024-06-13 07:02:11,170 and sent to c4c963e0a771:8082 at 2024-06-13 07:02:11,178; send took 7 millis
2024-06-13 07:02:11,592 INFO [Heartbeat Monitor Thread-1] o.a.n.c.c.h.AbstractHeartbeatMonitor Finished processing 1 heartbeats in 17653 nanos
2024-06-13 07:02:16,191 INFO [Process Cluster Protocol Request-7] o.a.n.c.p.impl.SocketProtocolListener Finished processing request 6a4ef874-cf2b-481c-8faa-705d15936e5b (type=HEARTBEAT, length=2315 bytes) from c4c963e0a771:8080 in 2 millis
2024-06-13 07:02:16,194 INFO [Clustering Tasks Thread-1] o.a.n.c.c.ClusterProtocolHeartbeater Heartbeat created at 2024-06-13 07:02:16,178 and sent to c4c963e0a771:8082 at 2024-06-13 07:02:16,194; send took 15 millis
2024-06-13 07:02:16,595 INFO [Heartbeat Monitor Thread-1] o.a.n.c.c.h.AbstractHeartbeatMonitor Finished processing 1 heartbeats in 12637 nanos
2024-06-13 07:02:21,202 INFO [Process Cluster Protocol Request-8] o.a.n.c.p.impl.SocketProtocolListener Finished processing request a19be64c-00dd-4af4-a28d-466427217a06 (type=HEARTBEAT, length=2315 bytes) from c4c963e0a771:8080 in 5 millis
2024-06-13 07:02:21,206 INFO [Clustering Tasks Thread-1] o.a.n.c.c.ClusterProtocolHeartbeater Heartbeat created at 2024-06-13 07:02:21,194 and sent to c4c963e0a771:8082 at 2024-06-13 07:02:21,206; send took 11 millis
2024-06-13 07:02:21,595 INFO [Heartbeat Monitor Thread-1] o.a.n.c.c.h.AbstractHeartbeatMonitor Finished processing 1 heartbeats in 16944 nanos
2024-06-13 07:02:26,211 INFO [Process Cluster Protocol Request-9] o.a.n.c.p.impl.SocketProtocolListener Finished processing request eb41be04-e77e-4385-99e9-3742a81d9b82 (type=HEARTBEAT, length=2315 bytes) from c4c963e0a771:8080 in 2 millis
2024-06-13 07:02:26,213 INFO [Clustering Tasks Thread-2] o.a.n.c.c.ClusterProtocolHeartbeater Heartbeat created at 2024-06-13 07:02:26,206 and sent to c4c963e0a771:8082 at 2024-06-13 07:02:26,213; send took 7 millis
2024-06-13 07:02:26,596 INFO [Heartbeat Monitor Thread-1] o.a.n.c.c.h.AbstractHeartbeatMonitor Finished processing 1 heartbeats in 19746 nanos
2024-06-13 07:02:28,797 INFO [Write-Ahead Local State Provider Maintenance] org.wali.MinimalLockingWriteAheadLog org.wali.MinimalLockingWriteAheadLog@432a6a69 checkpointed with 29 Records and 0 Swap Files in 21 milliseconds (Stop-the-world time = 12 milliseconds, Clear Edit Logs time = 5 millis), max Transaction ID 118
2024-06-13 07:02:29,192 INFO [pool-13-thread-1] o.a.n.c.r.WriteAheadFlowFileRepository Initiating checkpoint of FlowFile Repository
2024-06-13 07:02:29,192 INFO [pool-13-thread-1] o.a.n.c.r.WriteAheadFlowFileRepository Successfully checkpointed FlowFile Repository with 0 records in 0 milliseconds
2024-06-13 07:02:31,225 INFO [Process Cluster Protocol Request-10] o.a.n.c.p.impl.SocketProtocolListener Finished processing request c1996e68-5334-47e3-b727-5d8a72398563 (type=HEARTBEAT, length=2315 bytes) from c4c963e0a771:8080 in 2 millis
2024-06-13 07:02:31,227 INFO [Clustering Tasks Thread-2] o.a.n.c.c.ClusterProtocolHeartbeater Heartbeat created at 2024-06-13 07:02:31,214 and sent to c4c963e0a771:8082 at 2024-06-13 07:02:31,227; send took 13 millis
2024-06-13 07:02:31,612 INFO [Heartbeat Monitor Thread-1] o.a.n.c.c.h.AbstractHeartbeatMonitor Finished processing 1 heartbeats in 16047 nanos
2024-06-13 07:02:35,908 INFO [Cleanup Archive for default] o.a.n.c.repository.FileSystemRepository Successfully deleted 0 files (0 bytes) from archive
2024-06-13 07:02:36,238 INFO [Process Cluster Protocol Request-1] o.a.n.c.p.impl.SocketProtocolListener Finished processing request b9c25b81-bb9d-4946-87fd-3c454abb7802 (type=HEARTBEAT, length=2315 bytes) from c4c963e0a771:8080 in 6 millis
2024-06-13 07:02:36,242 INFO [Clustering Tasks Thread-2] o.a.n.c.c.ClusterProtocolHeartbeater Heartbeat created at 2024-06-13 07:02:36,228 and sent to c4c963e0a771:8082 at 2024-06-13 07:02:36,242; send took 13 millis
2024-06-13 07:02:36,618 INFO [Heartbeat Monitor Thread-1] o.a.n.c.c.h.AbstractHeartbeatMonitor Finished processing 1 heartbeats in 71409 nanos
2024-06-13 07:02:41,247 INFO [Process Cluster Protocol Request-3] o.a.n.c.p.impl.SocketProtocolListener Finished processing request ad0f9c8b-0e34-4184-8930-89c98b5838cc (type=HEARTBEAT, length=2315 bytes) from c4c963e0a771:8080 in 1 millis
2024-06-13 07:02:41,249 INFO [Clustering Tasks Thread-2] o.a.n.c.c.ClusterProtocolHeartbeater Heartbeat created at 2024-06-13 07:02:41,242 and sent to c4c963e0a771:8082 at 2024-06-13 07:02:41,249; send took 6 millis
2024-06-13 07:02:41,619 INFO [Heartbeat Monitor Thread-1] o.a.n.c.c.h.AbstractHeartbeatMonitor Finished processing 1 heartbeats in 23050 nanos
2024-06-13 07:02:46,258 INFO [Process Cluster Protocol Request-2] o.a.n.c.p.impl.SocketProtocolListener Finished processing request 72a3b6dc-1c6d-43d3-879b-8c17092d0ad7 (type=HEARTBEAT, length=2315 bytes) from c4c963e0a771:8080 in 2 millis
2024-06-13 07:02:46,260 INFO [Clustering Tasks Thread-2] o.a.n.c.c.ClusterProtocolHeartbeater Heartbeat created at 2024-06-13 07:02:46,252 and sent to c4c963e0a771:8082 at 2024-06-13 07:02:46,260; send took 7 millis
2024-06-13 07:02:46,619 INFO [Heartbeat Monitor Thread-1] o.a.n.c.c.h.AbstractHeartbeatMonitor Finished processing 1 heartbeats in 12978 nanos
2024-06-13 07:02:49,192 INFO [pool-13-thread-1] o.a.n.c.r.WriteAheadFlowFileRepository Initiating checkpoint of FlowFile Repository
2024-06-13 07:02:49,193 INFO [pool-13-thread-1] o.a.n.c.r.WriteAheadFlowFileRepository Successfully checkpointed FlowFile Repository with 0 records in 0 milliseconds
2024-06-13 07:02:51,264 INFO [Process Cluster Protocol Request-4] o.a.n.c.p.impl.SocketProtocolListener Finished processing request 79668c2a-4a9a-4023-a46b-45441bda79da (type=HEARTBEAT, length=2315 bytes) from c4c963e0a771:8080 in 1 millis
2024-06-13 07:02:51,267 INFO [Clustering Tasks Thread-2] o.a.n.c.c.ClusterProtocolHeartbeater Heartbeat created at 2024-06-13 07:02:51,260 and sent to c4c963e0a771:8082 at 2024-06-13 07:02:51,267; send took 6 millis
2024-06-13 07:02:51,620 INFO [Heartbeat Monitor Thread-1] o.a.n.c.c.h.AbstractHeartbeatMonitor Finished processing 1 heartbeats in 18012 nanos
2024-06-13 07:02:56,274 INFO [Process Cluster Protocol Request-5] o.a.n.c.p.impl.SocketProtocolListener Finished processing request db7515e1-6c89-425b-a9a7-15782ac0022b (type=HEARTBEAT, length=2315 bytes) from c4c963e0a771:8080 in 1 millis
2024-06-13 07:02:56,275 INFO [Clustering Tasks Thread-2] o.a.n.c.c.ClusterProtocolHeartbeater Heartbeat created at 2024-06-13 07:02:56,269 and sent to c4c963e0a771:8082 at 2024-06-13 07:02:56,275; send took 6 millis
2024-06-13 07:02:56,620 INFO [Heartbeat Monitor Thread-1] o.a.n.c.c.h.AbstractHeartbeatMonitor Finished processing 1 heartbeats in 13607 nanos
2024-06-13 07:03:01,280 INFO [Process Cluster Protocol Request-6] o.a.n.c.p.impl.SocketProtocolListener Finished processing request ad007754-d3b9-4a5c-a059-c08c08dacd46 (type=HEARTBEAT, length=2315 bytes) from c4c963e0a771:8080 in 1 millis
2024-06-13 07:03:01,281 INFO [Clustering Tasks Thread-2] o.a.n.c.c.ClusterProtocolHeartbeater Heartbeat created at 2024-06-13 07:03:01,276 and sent to c4c963e0a771:8082 at 2024-06-13 07:03:01,281; send took 5 millis
2024-06-13 07:03:01,620 INFO [Heartbeat Monitor Thread-1] o.a.n.c.c.h.AbstractHeartbeatMonitor Finished processing 1 heartbeats in 11871 nanos
2024-06-13 07:03:06,288 INFO [Process Cluster Protocol Request-7] o.a.n.c.p.impl.SocketProtocolListener Finished processing request ad907811-76d5-425c-a42d-20af9d951b0b (type=HEARTBEAT, length=2315 bytes) from c4c963e0a771:8080 in 2 millis
2024-06-13 07:03:06,289 INFO [Clustering Tasks Thread-2] o.a.n.c.c.ClusterProtocolHeartbeater Heartbeat created at 2024-06-13 07:03:06,281 and sent to c4c963e0a771:8082 at 2024-06-13 07:03:06,289; send took 7 millis
2024-06-13 07:03:06,621 INFO [Heartbeat Monitor Thread-1] o.a.n.c.c.h.AbstractHeartbeatMonitor Finished processing 1 heartbeats in 53450 nanos
2024-06-13 07:03:09,193 INFO [pool-13-thread-1] o.a.n.c.r.WriteAheadFlowFileRepository Initiating checkpoint of FlowFile Repository
2024-06-13 07:03:09,194 INFO [pool-13-thread-1] o.a.n.c.r.WriteAheadFlowFileRepository Successfully checkpointed FlowFile Repository with 0 records in 0 milliseconds
2024-06-13 07:03:11,293 INFO [Process Cluster Protocol Request-8] o.a.n.c.p.impl.SocketProtocolListener Finished processing request b543a2fa-76ea-4eb0-90f8-3568d8ba88a7 (type=HEARTBEAT, length=2315 bytes) from c4c963e0a771:8080 in 1 millis
2024-06-13 07:03:11,295 INFO [Clustering Tasks Thread-2] o.a.n.c.c.ClusterProtocolHeartbeater Heartbeat created at 2024-06-13 07:03:11,290 and sent to c4c963e0a771:8082 at 2024-06-13 07:03:11,295; send took 5 millis
2024-06-13 07:03:11,621 INFO [Heartbeat Monitor Thread-1] o.a.n.c.c.h.AbstractHeartbeatMonitor Finished processing 1 heartbeats in 11997 nanos
2024-06-13 07:03:16,299 INFO [Process Cluster Protocol Request-9] o.a.n.c.p.impl.SocketProtocolListener Finished processing request a672b22b-f2e6-405c-a95f-4b760310e7e5 (type=HEARTBEAT, length=2315 bytes) from c4c963e0a771:8080 in 1 millis
2024-06-13 07:03:16,304 INFO [Clustering Tasks Thread-2] o.a.n.c.c.ClusterProtocolHeartbeater Heartbeat created at 2024-06-13 07:03:16,295 and sent to c4c963e0a771:8082 at 2024-06-13 07:03:16,304; send took 8 millis
2024-06-13 07:03:16,622 INFO [Heartbeat Monitor Thread-1] o.a.n.c.c.h.AbstractHeartbeatMonitor Finished processing 1 heartbeats in 11503 nanos
2024-06-13 07:03:21,309 INFO [Process Cluster Protocol Request-10] o.a.n.c.p.impl.SocketProtocolListener Finished processing request d3292686-bbab-4dc5-aa7a-cd3bb8644426 (type=HEARTBEAT, length=2315 bytes) from c4c963e0a771:8080 in 1 millis
2024-06-13 07:03:21,311 INFO [Clustering Tasks Thread-2] o.a.n.c.c.ClusterProtocolHeartbeater Heartbeat created at 2024-06-13 07:03:21,304 and sent to c4c963e0a771:8082 at 2024-06-13 07:03:21,311; send took 6 millis
2024-06-13 07:03:21,622 INFO [Heartbeat Monitor Thread-1] o.a.n.c.c.h.AbstractHeartbeatMonitor Finished processing 1 heartbeats in 13984 nanos
2024-06-13 07:03:26,315 INFO [Process Cluster Protocol Request-1] o.a.n.c.p.impl.SocketProtocolListener Finished processing request 72092006-0c29-4d78-9dc1-6c9c50244594 (type=HEARTBEAT, length=2315 bytes) from c4c963e0a771:8080 in 1 millis
2024-06-13 07:03:26,317 INFO [Clustering Tasks Thread-2] o.a.n.c.c.ClusterProtocolHeartbeater Heartbeat created at 2024-06-13 07:03:26,311 and sent to c4c963e0a771:8082 at 2024-06-13 07:03:26,317; send took 5 millis
2024-06-13 07:03:26,623 INFO [Heartbeat Monitor Thread-1] o.a.n.c.c.h.AbstractHeartbeatMonitor Finished processing 1 heartbeats in 12190 nanos
2024-06-13 07:03:29,194 INFO [pool-13-thread-1] o.a.n.c.r.WriteAheadFlowFileRepository Initiating checkpoint of FlowFile Repository
2024-06-13 07:03:29,194 INFO [pool-13-thread-1] o.a.n.c.r.WriteAheadFlowFileRepository Successfully checkpointed FlowFile Repository with 0 records in 0 milliseconds
2024-06-13 07:03:31,321 INFO [Process Cluster Protocol Request-3] o.a.n.c.p.impl.SocketProtocolListener Finished processing request 90a895c4-e599-4596-9ee8-83c8cee0a3c5 (type=HEARTBEAT, length=2315 bytes) from c4c963e0a771:8080 in 1 millis
2024-06-13 07:03:31,322 INFO [Clustering Tasks Thread-2] o.a.n.c.c.ClusterProtocolHeartbeater Heartbeat created at 2024-06-13 07:03:31,317 and sent to c4c963e0a771:8082 at 2024-06-13 07:03:31,322; send took 4 millis
2024-06-13 07:03:31,623 INFO [Heartbeat Monitor Thread-1] o.a.n.c.c.h.AbstractHeartbeatMonitor Finished processing 1 heartbeats in 16355 nanos
2024-06-13 07:03:35,922 INFO [Cleanup Archive for default] o.a.n.c.repository.FileSystemRepository Successfully deleted 0 files (0 bytes) from archive
2024-06-13 07:03:36,327 INFO [Process Cluster Protocol Request-2] o.a.n.c.p.impl.SocketProtocolListener Finished processing request a1a6811f-9f22-490b-a58a-65f217984846 (type=HEARTBEAT, length=2315 bytes) from c4c963e0a771:8080 in 2 millis
2024-06-13 07:03:36,328 INFO [Clustering Tasks Thread-2] o.a.n.c.c.ClusterProtocolHeartbeater Heartbeat created at 2024-06-13 07:03:36,322 and sent to c4c963e0a771:8082 at 2024-06-13 07:03:36,328; send took 5 millis
2024-06-13 07:03:36,623 INFO [Heartbeat Monitor Thread-1] o.a.n.c.c.h.AbstractHeartbeatMonitor Finished processing 1 heartbeats in 16704 nanos
2024-06-13 07:03:41,332 INFO [Process Cluster Protocol Request-4] o.a.n.c.p.impl.SocketProtocolListener Finished processing request 7711d2bc-44e2-4d55-973b-61aae0df7ff8 (type=HEARTBEAT, length=2315 bytes) from c4c963e0a771:8080 in 1 millis
2024-06-13 07:03:41,335 INFO [Clustering Tasks Thread-2] o.a.n.c.c.ClusterProtocolHeartbeater Heartbeat created at 2024-06-13 07:03:41,328 and sent to c4c963e0a771:8082 at 2024-06-13 07:03:41,335; send took 6 millis
2024-06-13 07:03:41,624 INFO [Heartbeat Monitor Thread-1] o.a.n.c.c.h.AbstractHeartbeatMonitor Finished processing 1 heartbeats in 12759 nanos
2024-06-13 07:03:46,338 INFO [Process Cluster Protocol Request-5] o.a.n.c.p.impl.SocketProtocolListener Finished processing request e9a18517-e859-4120-a1d2-14698765ea2e (type=HEARTBEAT, length=2315 bytes) from c4c963e0a771:8080 in 1 millis
2024-06-13 07:03:46,340 INFO [Clustering Tasks Thread-2] o.a.n.c.c.ClusterProtocolHeartbeater Heartbeat created at 2024-06-13 07:03:46,335 and sent to c4c963e0a771:8082 at 2024-06-13 07:03:46,340; send took 4 millis
2024-06-13 07:03:46,624 INFO [Heartbeat Monitor Thread-1] o.a.n.c.c.h.AbstractHeartbeatMonitor Finished processing 1 heartbeats in 12220 nanos
2024-06-13 07:03:49,195 INFO [pool-13-thread-1] o.a.n.c.r.WriteAheadFlowFileRepository Initiating checkpoint of FlowFile Repository
2024-06-13 07:03:49,195 INFO [pool-13-thread-1] o.a.n.c.r.WriteAheadFlowFileRepository Successfully checkpointed FlowFile Repository with 0 records in 0 milliseconds
2024-06-13 07:03:51,344 INFO [Process Cluster Protocol Request-6] o.a.n.c.p.impl.SocketProtocolListener Finished processing request 2c1a5cf5-4291-4c7b-8ff7-0fa0866a8ca2 (type=HEARTBEAT, length=2315 bytes) from c4c963e0a771:8080 in 1 millis
2024-06-13 07:03:51,346 INFO [Clustering Tasks Thread-2] o.a.n.c.c.ClusterProtocolHeartbeater Heartbeat created at 2024-06-13 07:03:51,340 and sent to c4c963e0a771:8082 at 2024-06-13 07:03:51,346; send took 5 millis
2024-06-13 07:03:51,625 INFO [Heartbeat Monitor Thread-1] o.a.n.c.c.h.AbstractHeartbeatMonitor Finished processing 1 heartbeats in 12241 nanos
2024-06-13 07:03:56,350 INFO [Process Cluster Protocol Request-7] o.a.n.c.p.impl.SocketProtocolListener Finished processing request b0c43357-4dc3-4330-af50-40b92469eb94 (type=HEARTBEAT, length=2315 bytes) from c4c963e0a771:8080 in 1 millis
2024-06-13 07:03:56,352 INFO [Clustering Tasks Thread-2] o.a.n.c.c.ClusterProtocolHeartbeater Heartbeat created at 2024-06-13 07:03:56,346 and sent to c4c963e0a771:8082 at 2024-06-13 07:03:56,352; send took 5 millis
2024-06-13 07:03:56,625 INFO [Heartbeat Monitor Thread-1] o.a.n.c.c.h.AbstractHeartbeatMonitor Finished processing 1 heartbeats in 13129 nanos
2024-06-13 07:04:01,356 INFO [Process Cluster Protocol Request-8] o.a.n.c.p.impl.SocketProtocolListener Finished processing request 80ca3f4e-abf0-48eb-8180-a119907f980a (type=HEARTBEAT, length=2315 bytes) from c4c963e0a771:8080 in 1 millis
2024-06-13 07:04:01,358 INFO [Clustering Tasks Thread-2] o.a.n.c.c.ClusterProtocolHeartbeater Heartbeat created at 2024-06-13 07:04:01,352 and sent to c4c963e0a771:8082 at 2024-06-13 07:04:01,358; send took 5 millis
2024-06-13 07:04:01,625 INFO [Heartbeat Monitor Thread-1] o.a.n.c.c.h.AbstractHeartbeatMonitor Finished processing 1 heartbeats in 16908 nanos
2024-06-13 07:04:06,362 INFO [Process Cluster Protocol Request-9] o.a.n.c.p.impl.SocketProtocolListener Finished processing request 6a8ff5de-e515-4026-b07f-ffcbd8ee182e (type=HEARTBEAT, length=2315 bytes) from c4c963e0a771:8080 in 1 millis
2024-06-13 07:04:06,364 INFO [Clustering Tasks Thread-2] o.a.n.c.c.ClusterProtocolHeartbeater Heartbeat created at 2024-06-13 07:04:06,358 and sent to c4c963e0a771:8082 at 2024-06-13 07:04:06,364; send took 5 millis
2024-06-13 07:04:06,626 INFO [Heartbeat Monitor Thread-1] o.a.n.c.c.h.AbstractHeartbeatMonitor Finished processing 1 heartbeats in 34208 nanos
2024-06-13 07:04:09,195 INFO [pool-13-thread-1] o.a.n.c.r.WriteAheadFlowFileRepository Initiating checkpoint of FlowFile Repository
2024-06-13 07:04:09,195 INFO [pool-13-thread-1] o.a.n.c.r.WriteAheadFlowFileRepository Successfully checkpointed FlowFile Repository with 0 records in 0 milliseconds
2024-06-13 07:04:11,369 INFO [Process Cluster Protocol Request-10] o.a.n.c.p.impl.SocketProtocolListener Finished processing request b36915a3-b201-44bd-9eab-477fb03c622c (type=HEARTBEAT, length=2315 bytes) from c4c963e0a771:8080 in 2 millis
2024-06-13 07:04:11,371 INFO [Clustering Tasks Thread-2] o.a.n.c.c.ClusterProtocolHeartbeater Heartbeat created at 2024-06-13 07:04:11,364 and sent to c4c963e0a771:8082 at 2024-06-13 07:04:11,371; send took 6 millis
2024-06-13 07:04:11,626 INFO [Heartbeat Monitor Thread-1] o.a.n.c.c.h.AbstractHeartbeatMonitor Finished processing 1 heartbeats in 12361 nanos
2024-06-13 07:04:16,376 INFO [Process Cluster Protocol Request-1] o.a.n.c.p.impl.SocketProtocolListener Finished processing request 11d68ca4-70cb-4a3a-8321-0a71ba3168f2 (type=HEARTBEAT, length=2315 bytes) from c4c963e0a771:8080 in 1 millis
2024-06-13 07:04:16,377 INFO [Clustering Tasks Thread-2] o.a.n.c.c.ClusterProtocolHeartbeater Heartbeat created at 2024-06-13 07:04:16,371 and sent to c4c963e0a771:8082 at 2024-06-13 07:04:16,377; send took 6 millis
2024-06-13 07:04:16,626 INFO [Heartbeat Monitor Thread-1] o.a.n.c.c.h.AbstractHeartbeatMonitor Finished processing 1 heartbeats in 13708 nanos
2024-06-13 07:04:21,381 INFO [Process Cluster Protocol Request-3] o.a.n.c.p.impl.SocketProtocolListener Finished processing request 97b7050a-b7c3-4f10-8493-f09e18bb3a8a (type=HEARTBEAT, length=2315 bytes) from c4c963e0a771:8080 in 1 millis
2024-06-13 07:04:21,383 INFO [Clustering Tasks Thread-2] o.a.n.c.c.ClusterProtocolHeartbeater Heartbeat created at 2024-06-13 07:04:21,378 and sent to c4c963e0a771:8082 at 2024-06-13 07:04:21,383; send took 5 millis
2024-06-13 07:04:21,627 INFO [Heartbeat Monitor Thread-1] o.a.n.c.c.h.AbstractHeartbeatMonitor Finished processing 1 heartbeats in 11701 nanos
