2024-06-10 05:54:55,415 INFO [main] o.a.n.b.NotificationServiceManager Successfully loaded the following 0 services: []
2024-06-10 05:54:55,425 INFO [main] org.apache.nifi.bootstrap.RunNiFi Registered no Notification Services for Notification Type NIFI_STARTED
2024-06-10 05:54:55,426 INFO [main] org.apache.nifi.bootstrap.RunNiFi Registered no Notification Services for Notification Type NIFI_STOPPED
2024-06-10 05:54:55,426 INFO [main] org.apache.nifi.bootstrap.RunNiFi Registered no Notification Services for Notification Type NIFI_DIED
2024-06-10 05:54:55,436 INFO [main] org.apache.nifi.bootstrap.RunNiFi Runtime Java version: 1.8.0_292
2024-06-10 05:54:56,095 INFO [main] org.apache.nifi.bootstrap.Command Starting Apache NiFi...
2024-06-10 05:54:56,096 INFO [main] org.apache.nifi.bootstrap.Command Working Directory: /opt/nifi/nifi-current
2024-06-10 05:54:56,097 INFO [main] org.apache.nifi.bootstrap.Command Command: /usr/local/openjdk-8/bin/java -classpath /opt/nifi/nifi-current/./conf:/opt/nifi/nifi-current/./lib/log4j-over-slf4j-1.7.30.jar:/opt/nifi/nifi-current/./lib/jul-to-slf4j-1.7.30.jar:/opt/nifi/nifi-current/./lib/jcl-over-slf4j-1.7.30.jar:/opt/nifi/nifi-current/./lib/logback-core-1.2.3.jar:/opt/nifi/nifi-current/./lib/nifi-framework-api-1.14.0.jar:/opt/nifi/nifi-current/./lib/nifi-property-utils-1.14.0.jar:/opt/nifi/nifi-current/./lib/nifi-stateless-bootstrap-1.14.0.jar:/opt/nifi/nifi-current/./lib/nifi-server-api-1.14.0.jar:/opt/nifi/nifi-current/./lib/javax.servlet-api-3.1.0.jar:/opt/nifi/nifi-current/./lib/slf4j-api-1.7.30.jar:/opt/nifi/nifi-current/./lib/nifi-nar-utils-1.14.0.jar:/opt/nifi/nifi-current/./lib/jetty-schemas-3.1.jar:/opt/nifi/nifi-current/./lib/nifi-stateless-api-1.14.0.jar:/opt/nifi/nifi-current/./lib/logback-classic-1.2.3.jar:/opt/nifi/nifi-current/./lib/nifi-properties-1.14.0.jar:/opt/nifi/nifi-current/./lib/nifi-runtime-1.14.0.jar:/opt/nifi/nifi-current/./lib/nifi-api-1.14.0.jar -Dorg.apache.jasper.compiler.disablejsr199=true -Xmx512m -Xms512m -Dcurator-log-only-first-connection-issue-as-error-level=true -Djavax.security.auth.useSubjectCredsOnly=true -Djava.security.egd=file:/dev/urandom -Dzookeeper.admin.enableServer=false -Dsun.net.http.allowRestrictedHeaders=true -Djava.net.preferIPv4Stack=true -Djava.awt.headless=true -Djava.protocol.handler.pkgs=sun.net.www.protocol -Dnifi.properties.file.path=/opt/nifi/nifi-current/./conf/nifi.properties -Dnifi.bootstrap.listen.port=41781 -Dapp=NiFi -Dorg.apache.nifi.bootstrap.config.log.dir=/opt/nifi/nifi-current/logs org.apache.nifi.NiFi 
2024-06-10 05:54:56,266 INFO [main] org.apache.nifi.bootstrap.Command Launched Apache NiFi with Process ID 90
2024-06-10 05:55:00,525 INFO [NiFi Bootstrap Command Listener] org.apache.nifi.bootstrap.RunNiFi Apache NiFi now running and listening for Bootstrap requests on port 36333
2024-06-10 05:59:08,134 INFO [main] o.a.n.b.NotificationServiceManager Successfully loaded the following 0 services: []
2024-06-10 05:59:08,147 INFO [main] org.apache.nifi.bootstrap.RunNiFi Registered no Notification Services for Notification Type NIFI_STARTED
2024-06-10 05:59:08,148 INFO [main] org.apache.nifi.bootstrap.RunNiFi Registered no Notification Services for Notification Type NIFI_STOPPED
2024-06-10 05:59:08,148 INFO [main] org.apache.nifi.bootstrap.RunNiFi Registered no Notification Services for Notification Type NIFI_DIED
2024-06-10 05:59:08,180 INFO [main] org.apache.nifi.bootstrap.Command Apache NiFi has accepted the Shutdown Command and is shutting down now
2024-06-10 05:59:08,251 INFO [main] org.apache.nifi.bootstrap.Command Waiting for Apache NiFi to finish shutting down...
2024-06-10 05:59:10,256 INFO [main] org.apache.nifi.bootstrap.Command Waiting for Apache NiFi to finish shutting down...
2024-06-10 05:59:11,419 INFO [main] org.apache.nifi.bootstrap.RunNiFi A shutdown was initiated. Will not restart NiFi
2024-06-10 05:59:12,261 INFO [main] org.apache.nifi.bootstrap.Command NiFi has finished shutting down.
2024-06-10 06:00:15,980 INFO [main] o.a.n.b.NotificationServiceManager Successfully loaded the following 0 services: []
2024-06-10 06:00:15,992 INFO [main] org.apache.nifi.bootstrap.RunNiFi Registered no Notification Services for Notification Type NIFI_STARTED
2024-06-10 06:00:15,994 INFO [main] org.apache.nifi.bootstrap.RunNiFi Registered no Notification Services for Notification Type NIFI_STOPPED
2024-06-10 06:00:15,994 INFO [main] org.apache.nifi.bootstrap.RunNiFi Registered no Notification Services for Notification Type NIFI_DIED
2024-06-10 06:00:16,023 INFO [main] org.apache.nifi.bootstrap.RunNiFi Runtime Java version: 1.8.0_292
2024-06-10 06:00:16,732 INFO [main] org.apache.nifi.bootstrap.Command Starting Apache NiFi...
2024-06-10 06:00:16,740 INFO [main] org.apache.nifi.bootstrap.Command Working Directory: /opt/nifi/nifi-current
2024-06-10 06:00:16,741 INFO [main] org.apache.nifi.bootstrap.Command Command: /usr/local/openjdk-8/bin/java -classpath /opt/nifi/nifi-current/./conf:/opt/nifi/nifi-current/./lib/log4j-over-slf4j-1.7.30.jar:/opt/nifi/nifi-current/./lib/jul-to-slf4j-1.7.30.jar:/opt/nifi/nifi-current/./lib/jcl-over-slf4j-1.7.30.jar:/opt/nifi/nifi-current/./lib/logback-core-1.2.3.jar:/opt/nifi/nifi-current/./lib/nifi-framework-api-1.14.0.jar:/opt/nifi/nifi-current/./lib/nifi-property-utils-1.14.0.jar:/opt/nifi/nifi-current/./lib/nifi-stateless-bootstrap-1.14.0.jar:/opt/nifi/nifi-current/./lib/nifi-server-api-1.14.0.jar:/opt/nifi/nifi-current/./lib/javax.servlet-api-3.1.0.jar:/opt/nifi/nifi-current/./lib/slf4j-api-1.7.30.jar:/opt/nifi/nifi-current/./lib/nifi-nar-utils-1.14.0.jar:/opt/nifi/nifi-current/./lib/jetty-schemas-3.1.jar:/opt/nifi/nifi-current/./lib/nifi-stateless-api-1.14.0.jar:/opt/nifi/nifi-current/./lib/logback-classic-1.2.3.jar:/opt/nifi/nifi-current/./lib/nifi-properties-1.14.0.jar:/opt/nifi/nifi-current/./lib/nifi-runtime-1.14.0.jar:/opt/nifi/nifi-current/./lib/nifi-api-1.14.0.jar -Dorg.apache.jasper.compiler.disablejsr199=true -Xmx512m -Xms512m -Dcurator-log-only-first-connection-issue-as-error-level=true -Djavax.security.auth.useSubjectCredsOnly=true -Djava.security.egd=file:/dev/urandom -Dzookeeper.admin.enableServer=false -Dsun.net.http.allowRestrictedHeaders=true -Djava.net.preferIPv4Stack=true -Djava.awt.headless=true -Djava.protocol.handler.pkgs=sun.net.www.protocol -Dnifi.properties.file.path=/opt/nifi/nifi-current/./conf/nifi.properties -Dnifi.bootstrap.listen.port=43181 -Dapp=NiFi -Dorg.apache.nifi.bootstrap.config.log.dir=/opt/nifi/nifi-current/logs org.apache.nifi.NiFi 
2024-06-10 06:00:16,942 INFO [main] org.apache.nifi.bootstrap.Command Launched Apache NiFi with Process ID 90
2024-06-10 06:00:20,054 INFO [NiFi Bootstrap Command Listener] org.apache.nifi.bootstrap.RunNiFi Apache NiFi now running and listening for Bootstrap requests on port 39683
2024-06-10 06:14:07,585 INFO [main] o.a.n.b.NotificationServiceManager Successfully loaded the following 0 services: []
2024-06-10 06:14:07,683 INFO [main] org.apache.nifi.bootstrap.RunNiFi Registered no Notification Services for Notification Type NIFI_STARTED
2024-06-10 06:14:07,684 INFO [main] org.apache.nifi.bootstrap.RunNiFi Registered no Notification Services for Notification Type NIFI_STOPPED
2024-06-10 06:14:07,685 INFO [main] org.apache.nifi.bootstrap.RunNiFi Registered no Notification Services for Notification Type NIFI_DIED
2024-06-10 06:14:07,977 INFO [main] org.apache.nifi.bootstrap.Command Apache NiFi has accepted the Shutdown Command and is shutting down now
2024-06-10 06:14:08,339 INFO [main] org.apache.nifi.bootstrap.Command Waiting for Apache NiFi to finish shutting down...
2024-06-10 06:14:10,393 INFO [main] org.apache.nifi.bootstrap.Command Waiting for Apache NiFi to finish shutting down...
2024-06-10 06:14:12,408 INFO [main] org.apache.nifi.bootstrap.Command Waiting for Apache NiFi to finish shutting down...
2024-06-10 06:14:14,441 INFO [main] org.apache.nifi.bootstrap.Command Waiting for Apache NiFi to finish shutting down...
2024-06-10 06:14:14,642 INFO [main] org.apache.nifi.bootstrap.RunNiFi A shutdown was initiated. Will not restart NiFi
2024-06-10 06:15:18,092 INFO [main] o.a.n.b.NotificationServiceManager Successfully loaded the following 0 services: []
2024-06-10 06:15:18,103 INFO [main] org.apache.nifi.bootstrap.RunNiFi Registered no Notification Services for Notification Type NIFI_STARTED
2024-06-10 06:15:18,103 INFO [main] org.apache.nifi.bootstrap.RunNiFi Registered no Notification Services for Notification Type NIFI_STOPPED
2024-06-10 06:15:18,104 INFO [main] org.apache.nifi.bootstrap.RunNiFi Registered no Notification Services for Notification Type NIFI_DIED
2024-06-10 06:15:18,114 INFO [main] org.apache.nifi.bootstrap.RunNiFi Runtime Java version: 1.8.0_292
2024-06-10 06:15:19,869 INFO [main] org.apache.nifi.bootstrap.Command Starting Apache NiFi...
2024-06-10 06:15:19,870 INFO [main] org.apache.nifi.bootstrap.Command Working Directory: /opt/nifi/nifi-current
2024-06-10 06:15:19,870 INFO [main] org.apache.nifi.bootstrap.Command Command: /usr/local/openjdk-8/bin/java -classpath /opt/nifi/nifi-current/./conf:/opt/nifi/nifi-current/./lib/log4j-over-slf4j-1.7.30.jar:/opt/nifi/nifi-current/./lib/jul-to-slf4j-1.7.30.jar:/opt/nifi/nifi-current/./lib/jcl-over-slf4j-1.7.30.jar:/opt/nifi/nifi-current/./lib/logback-core-1.2.3.jar:/opt/nifi/nifi-current/./lib/nifi-framework-api-1.14.0.jar:/opt/nifi/nifi-current/./lib/nifi-property-utils-1.14.0.jar:/opt/nifi/nifi-current/./lib/nifi-stateless-bootstrap-1.14.0.jar:/opt/nifi/nifi-current/./lib/nifi-server-api-1.14.0.jar:/opt/nifi/nifi-current/./lib/javax.servlet-api-3.1.0.jar:/opt/nifi/nifi-current/./lib/slf4j-api-1.7.30.jar:/opt/nifi/nifi-current/./lib/nifi-nar-utils-1.14.0.jar:/opt/nifi/nifi-current/./lib/jetty-schemas-3.1.jar:/opt/nifi/nifi-current/./lib/nifi-stateless-api-1.14.0.jar:/opt/nifi/nifi-current/./lib/logback-classic-1.2.3.jar:/opt/nifi/nifi-current/./lib/nifi-properties-1.14.0.jar:/opt/nifi/nifi-current/./lib/nifi-runtime-1.14.0.jar:/opt/nifi/nifi-current/./lib/nifi-api-1.14.0.jar -Dorg.apache.jasper.compiler.disablejsr199=true -Xmx512m -Xms512m -Dcurator-log-only-first-connection-issue-as-error-level=true -Djavax.security.auth.useSubjectCredsOnly=true -Djava.security.egd=file:/dev/urandom -Dzookeeper.admin.enableServer=false -Dsun.net.http.allowRestrictedHeaders=true -Djava.net.preferIPv4Stack=true -Djava.awt.headless=true -Djava.protocol.handler.pkgs=sun.net.www.protocol -Dnifi.properties.file.path=/opt/nifi/nifi-current/./conf/nifi.properties -Dnifi.bootstrap.listen.port=46147 -Dapp=NiFi -Dorg.apache.nifi.bootstrap.config.log.dir=/opt/nifi/nifi-current/logs org.apache.nifi.NiFi 
2024-06-10 06:15:20,322 INFO [main] org.apache.nifi.bootstrap.Command Launched Apache NiFi with Process ID 90
2024-06-10 06:15:28,958 INFO [NiFi Bootstrap Command Listener] org.apache.nifi.bootstrap.RunNiFi Apache NiFi now running and listening for Bootstrap requests on port 38705
2024-06-10 06:23:45,506 INFO [main] o.a.n.b.NotificationServiceManager Successfully loaded the following 0 services: []
2024-06-10 06:23:45,516 INFO [main] org.apache.nifi.bootstrap.RunNiFi Registered no Notification Services for Notification Type NIFI_STARTED
2024-06-10 06:23:45,517 INFO [main] org.apache.nifi.bootstrap.RunNiFi Registered no Notification Services for Notification Type NIFI_STOPPED
2024-06-10 06:23:45,517 INFO [main] org.apache.nifi.bootstrap.RunNiFi Registered no Notification Services for Notification Type NIFI_DIED
2024-06-10 06:23:45,565 INFO [main] org.apache.nifi.bootstrap.Command Apache NiFi has accepted the Shutdown Command and is shutting down now
2024-06-10 06:23:45,644 INFO [main] org.apache.nifi.bootstrap.Command Waiting for Apache NiFi to finish shutting down...
2024-06-10 06:23:47,663 INFO [main] org.apache.nifi.bootstrap.Command Waiting for Apache NiFi to finish shutting down...
2024-06-10 06:23:49,711 INFO [main] org.apache.nifi.bootstrap.Command NiFi has finished shutting down.
2024-06-10 06:23:49,891 INFO [main] org.apache.nifi.bootstrap.RunNiFi Status File no longer exists. Will not restart NiFi
2024-06-10 06:24:43,348 INFO [main] o.a.n.b.NotificationServiceManager Successfully loaded the following 0 services: []
2024-06-10 06:24:43,371 INFO [main] org.apache.nifi.bootstrap.RunNiFi Registered no Notification Services for Notification Type NIFI_STARTED
2024-06-10 06:24:43,372 INFO [main] org.apache.nifi.bootstrap.RunNiFi Registered no Notification Services for Notification Type NIFI_STOPPED
2024-06-10 06:24:43,372 INFO [main] org.apache.nifi.bootstrap.RunNiFi Registered no Notification Services for Notification Type NIFI_DIED
2024-06-10 06:24:43,386 INFO [main] org.apache.nifi.bootstrap.RunNiFi Runtime Java version: 1.8.0_292
2024-06-10 06:24:43,906 INFO [main] org.apache.nifi.bootstrap.Command Starting Apache NiFi...
2024-06-10 06:24:43,907 INFO [main] org.apache.nifi.bootstrap.Command Working Directory: /opt/nifi/nifi-current
2024-06-10 06:24:43,907 INFO [main] org.apache.nifi.bootstrap.Command Command: /usr/local/openjdk-8/bin/java -classpath /opt/nifi/nifi-current/./conf:/opt/nifi/nifi-current/./lib/log4j-over-slf4j-1.7.30.jar:/opt/nifi/nifi-current/./lib/jul-to-slf4j-1.7.30.jar:/opt/nifi/nifi-current/./lib/jcl-over-slf4j-1.7.30.jar:/opt/nifi/nifi-current/./lib/logback-core-1.2.3.jar:/opt/nifi/nifi-current/./lib/nifi-framework-api-1.14.0.jar:/opt/nifi/nifi-current/./lib/nifi-property-utils-1.14.0.jar:/opt/nifi/nifi-current/./lib/nifi-stateless-bootstrap-1.14.0.jar:/opt/nifi/nifi-current/./lib/nifi-server-api-1.14.0.jar:/opt/nifi/nifi-current/./lib/javax.servlet-api-3.1.0.jar:/opt/nifi/nifi-current/./lib/slf4j-api-1.7.30.jar:/opt/nifi/nifi-current/./lib/nifi-nar-utils-1.14.0.jar:/opt/nifi/nifi-current/./lib/jetty-schemas-3.1.jar:/opt/nifi/nifi-current/./lib/nifi-stateless-api-1.14.0.jar:/opt/nifi/nifi-current/./lib/logback-classic-1.2.3.jar:/opt/nifi/nifi-current/./lib/nifi-properties-1.14.0.jar:/opt/nifi/nifi-current/./lib/nifi-runtime-1.14.0.jar:/opt/nifi/nifi-current/./lib/nifi-api-1.14.0.jar -Dorg.apache.jasper.compiler.disablejsr199=true -Xmx512m -Xms512m -Dcurator-log-only-first-connection-issue-as-error-level=true -Djavax.security.auth.useSubjectCredsOnly=true -Djava.security.egd=file:/dev/urandom -Dzookeeper.admin.enableServer=false -Dsun.net.http.allowRestrictedHeaders=true -Djava.net.preferIPv4Stack=true -Djava.awt.headless=true -Djava.protocol.handler.pkgs=sun.net.www.protocol -Dnifi.properties.file.path=/opt/nifi/nifi-current/./conf/nifi.properties -Dnifi.bootstrap.listen.port=37879 -Dapp=NiFi -Dorg.apache.nifi.bootstrap.config.log.dir=/opt/nifi/nifi-current/logs org.apache.nifi.NiFi 
2024-06-10 06:24:44,318 INFO [main] org.apache.nifi.bootstrap.Command Launched Apache NiFi with Process ID 90
2024-06-10 06:24:55,411 INFO [NiFi Bootstrap Command Listener] org.apache.nifi.bootstrap.RunNiFi Apache NiFi now running and listening for Bootstrap requests on port 40585
2024-06-10 06:29:28,767 INFO [main] o.a.n.b.NotificationServiceManager Successfully loaded the following 0 services: []
2024-06-10 06:29:28,783 INFO [main] org.apache.nifi.bootstrap.RunNiFi Registered no Notification Services for Notification Type NIFI_STARTED
2024-06-10 06:29:28,785 INFO [main] org.apache.nifi.bootstrap.RunNiFi Registered no Notification Services for Notification Type NIFI_STOPPED
2024-06-10 06:29:28,785 INFO [main] org.apache.nifi.bootstrap.RunNiFi Registered no Notification Services for Notification Type NIFI_DIED
2024-06-10 06:29:28,951 INFO [main] org.apache.nifi.bootstrap.Command Apache NiFi has accepted the Shutdown Command and is shutting down now
2024-06-10 06:29:29,180 INFO [main] org.apache.nifi.bootstrap.Command Waiting for Apache NiFi to finish shutting down...
2024-06-10 06:29:31,192 INFO [main] org.apache.nifi.bootstrap.Command Waiting for Apache NiFi to finish shutting down...
2024-06-10 06:29:33,201 INFO [main] org.apache.nifi.bootstrap.Command Waiting for Apache NiFi to finish shutting down...
2024-06-10 06:29:35,208 INFO [main] org.apache.nifi.bootstrap.Command Waiting for Apache NiFi to finish shutting down...
2024-06-10 06:50:34,684 INFO [main] o.a.n.b.NotificationServiceManager Successfully loaded the following 0 services: []
2024-06-10 06:50:34,694 INFO [main] org.apache.nifi.bootstrap.RunNiFi Registered no Notification Services for Notification Type NIFI_STARTED
2024-06-10 06:50:34,694 INFO [main] org.apache.nifi.bootstrap.RunNiFi Registered no Notification Services for Notification Type NIFI_STOPPED
2024-06-10 06:50:34,695 INFO [main] org.apache.nifi.bootstrap.RunNiFi Registered no Notification Services for Notification Type NIFI_DIED
2024-06-10 06:50:34,713 INFO [main] org.apache.nifi.bootstrap.RunNiFi Runtime Java version: 1.8.0_292
2024-06-10 06:50:36,072 INFO [main] org.apache.nifi.bootstrap.Command Starting Apache NiFi...
2024-06-10 06:50:36,073 INFO [main] org.apache.nifi.bootstrap.Command Working Directory: /opt/nifi/nifi-current
2024-06-10 06:50:36,073 INFO [main] org.apache.nifi.bootstrap.Command Command: /usr/local/openjdk-8/bin/java -classpath /opt/nifi/nifi-current/./conf:/opt/nifi/nifi-current/./lib/log4j-over-slf4j-1.7.30.jar:/opt/nifi/nifi-current/./lib/jul-to-slf4j-1.7.30.jar:/opt/nifi/nifi-current/./lib/jcl-over-slf4j-1.7.30.jar:/opt/nifi/nifi-current/./lib/logback-core-1.2.3.jar:/opt/nifi/nifi-current/./lib/nifi-framework-api-1.14.0.jar:/opt/nifi/nifi-current/./lib/nifi-property-utils-1.14.0.jar:/opt/nifi/nifi-current/./lib/nifi-stateless-bootstrap-1.14.0.jar:/opt/nifi/nifi-current/./lib/nifi-server-api-1.14.0.jar:/opt/nifi/nifi-current/./lib/javax.servlet-api-3.1.0.jar:/opt/nifi/nifi-current/./lib/slf4j-api-1.7.30.jar:/opt/nifi/nifi-current/./lib/nifi-nar-utils-1.14.0.jar:/opt/nifi/nifi-current/./lib/jetty-schemas-3.1.jar:/opt/nifi/nifi-current/./lib/nifi-stateless-api-1.14.0.jar:/opt/nifi/nifi-current/./lib/logback-classic-1.2.3.jar:/opt/nifi/nifi-current/./lib/nifi-properties-1.14.0.jar:/opt/nifi/nifi-current/./lib/nifi-runtime-1.14.0.jar:/opt/nifi/nifi-current/./lib/nifi-api-1.14.0.jar -Dorg.apache.jasper.compiler.disablejsr199=true -Xmx512m -Xms512m -Dcurator-log-only-first-connection-issue-as-error-level=true -Djavax.security.auth.useSubjectCredsOnly=true -Djava.security.egd=file:/dev/urandom -Dzookeeper.admin.enableServer=false -Dsun.net.http.allowRestrictedHeaders=true -Djava.net.preferIPv4Stack=true -Djava.awt.headless=true -Djava.protocol.handler.pkgs=sun.net.www.protocol -Dnifi.properties.file.path=/opt/nifi/nifi-current/./conf/nifi.properties -Dnifi.bootstrap.listen.port=32773 -Dapp=NiFi -Dorg.apache.nifi.bootstrap.config.log.dir=/opt/nifi/nifi-current/logs org.apache.nifi.NiFi 
2024-06-10 06:50:36,189 INFO [main] org.apache.nifi.bootstrap.Command Launched Apache NiFi with Process ID 90
2024-06-10 06:50:41,879 INFO [NiFi Bootstrap Command Listener] org.apache.nifi.bootstrap.RunNiFi Apache NiFi now running and listening for Bootstrap requests on port 36701
2024-06-10 16:25:12,353 INFO [main] o.a.n.b.NotificationServiceManager Successfully loaded the following 0 services: []
2024-06-10 16:25:12,362 INFO [main] org.apache.nifi.bootstrap.RunNiFi Registered no Notification Services for Notification Type NIFI_STARTED
2024-06-10 16:25:12,362 INFO [main] org.apache.nifi.bootstrap.RunNiFi Registered no Notification Services for Notification Type NIFI_STOPPED
2024-06-10 16:25:12,362 INFO [main] org.apache.nifi.bootstrap.RunNiFi Registered no Notification Services for Notification Type NIFI_DIED
2024-06-10 16:25:12,403 INFO [main] org.apache.nifi.bootstrap.Command Apache NiFi has accepted the Shutdown Command and is shutting down now
2024-06-10 16:25:12,465 INFO [main] org.apache.nifi.bootstrap.Command Waiting for Apache NiFi to finish shutting down...
2024-06-10 16:25:14,471 INFO [main] org.apache.nifi.bootstrap.Command Waiting for Apache NiFi to finish shutting down...
2024-06-10 16:25:16,476 INFO [main] org.apache.nifi.bootstrap.Command Waiting for Apache NiFi to finish shutting down...
2024-06-10 16:29:53,498 INFO [main] o.a.n.b.NotificationServiceManager Successfully loaded the following 0 services: []
2024-06-10 16:29:53,508 INFO [main] org.apache.nifi.bootstrap.RunNiFi Registered no Notification Services for Notification Type NIFI_STARTED
2024-06-10 16:29:53,509 INFO [main] org.apache.nifi.bootstrap.RunNiFi Registered no Notification Services for Notification Type NIFI_STOPPED
2024-06-10 16:29:53,509 INFO [main] org.apache.nifi.bootstrap.RunNiFi Registered no Notification Services for Notification Type NIFI_DIED
2024-06-10 16:29:53,618 INFO [main] org.apache.nifi.bootstrap.RunNiFi Runtime Java version: 1.8.0_292
2024-06-10 16:29:53,645 INFO [main] org.apache.nifi.bootstrap.Command Starting Apache NiFi...
2024-06-10 16:29:53,645 INFO [main] org.apache.nifi.bootstrap.Command Working Directory: /opt/nifi/nifi-current
2024-06-10 16:29:53,645 INFO [main] org.apache.nifi.bootstrap.Command Command: /usr/local/openjdk-8/bin/java -classpath /opt/nifi/nifi-current/./conf:/opt/nifi/nifi-current/./lib/log4j-over-slf4j-1.7.30.jar:/opt/nifi/nifi-current/./lib/jul-to-slf4j-1.7.30.jar:/opt/nifi/nifi-current/./lib/jcl-over-slf4j-1.7.30.jar:/opt/nifi/nifi-current/./lib/logback-core-1.2.3.jar:/opt/nifi/nifi-current/./lib/nifi-framework-api-1.14.0.jar:/opt/nifi/nifi-current/./lib/nifi-property-utils-1.14.0.jar:/opt/nifi/nifi-current/./lib/nifi-stateless-bootstrap-1.14.0.jar:/opt/nifi/nifi-current/./lib/nifi-server-api-1.14.0.jar:/opt/nifi/nifi-current/./lib/javax.servlet-api-3.1.0.jar:/opt/nifi/nifi-current/./lib/slf4j-api-1.7.30.jar:/opt/nifi/nifi-current/./lib/nifi-nar-utils-1.14.0.jar:/opt/nifi/nifi-current/./lib/jetty-schemas-3.1.jar:/opt/nifi/nifi-current/./lib/nifi-stateless-api-1.14.0.jar:/opt/nifi/nifi-current/./lib/logback-classic-1.2.3.jar:/opt/nifi/nifi-current/./lib/nifi-properties-1.14.0.jar:/opt/nifi/nifi-current/./lib/nifi-runtime-1.14.0.jar:/opt/nifi/nifi-current/./lib/nifi-api-1.14.0.jar -Dorg.apache.jasper.compiler.disablejsr199=true -Xmx512m -Xms512m -Dcurator-log-only-first-connection-issue-as-error-level=true -Djavax.security.auth.useSubjectCredsOnly=true -Djava.security.egd=file:/dev/urandom -Dzookeeper.admin.enableServer=false -Dsun.net.http.allowRestrictedHeaders=true -Djava.net.preferIPv4Stack=true -Djava.awt.headless=true -Djava.protocol.handler.pkgs=sun.net.www.protocol -Dnifi.properties.file.path=/opt/nifi/nifi-current/./conf/nifi.properties -Dnifi.bootstrap.listen.port=38349 -Dapp=NiFi -Dorg.apache.nifi.bootstrap.config.log.dir=/opt/nifi/nifi-current/logs org.apache.nifi.NiFi 
2024-06-10 16:29:53,685 INFO [main] org.apache.nifi.bootstrap.Command Launched Apache NiFi with Process ID 92
2024-06-10 16:29:56,513 INFO [NiFi Bootstrap Command Listener] org.apache.nifi.bootstrap.RunNiFi Apache NiFi now running and listening for Bootstrap requests on port 46597
2024-06-10 17:16:29,121 INFO [main] o.a.n.b.NotificationServiceManager Successfully loaded the following 0 services: []
2024-06-10 17:16:29,127 INFO [main] org.apache.nifi.bootstrap.RunNiFi Registered no Notification Services for Notification Type NIFI_STARTED
2024-06-10 17:16:29,127 INFO [main] org.apache.nifi.bootstrap.RunNiFi Registered no Notification Services for Notification Type NIFI_STOPPED
2024-06-10 17:16:29,127 INFO [main] org.apache.nifi.bootstrap.RunNiFi Registered no Notification Services for Notification Type NIFI_DIED
2024-06-10 17:16:29,209 INFO [main] org.apache.nifi.bootstrap.RunNiFi Runtime Java version: 1.8.0_292
2024-06-10 17:16:29,224 INFO [main] org.apache.nifi.bootstrap.Command Starting Apache NiFi...
2024-06-10 17:16:29,224 INFO [main] org.apache.nifi.bootstrap.Command Working Directory: /opt/nifi/nifi-current
2024-06-10 17:16:29,225 INFO [main] org.apache.nifi.bootstrap.Command Command: /usr/local/openjdk-8/bin/java -classpath /opt/nifi/nifi-current/./conf:/opt/nifi/nifi-current/./lib/log4j-over-slf4j-1.7.30.jar:/opt/nifi/nifi-current/./lib/jul-to-slf4j-1.7.30.jar:/opt/nifi/nifi-current/./lib/jcl-over-slf4j-1.7.30.jar:/opt/nifi/nifi-current/./lib/logback-core-1.2.3.jar:/opt/nifi/nifi-current/./lib/nifi-framework-api-1.14.0.jar:/opt/nifi/nifi-current/./lib/nifi-property-utils-1.14.0.jar:/opt/nifi/nifi-current/./lib/nifi-stateless-bootstrap-1.14.0.jar:/opt/nifi/nifi-current/./lib/nifi-server-api-1.14.0.jar:/opt/nifi/nifi-current/./lib/javax.servlet-api-3.1.0.jar:/opt/nifi/nifi-current/./lib/slf4j-api-1.7.30.jar:/opt/nifi/nifi-current/./lib/nifi-nar-utils-1.14.0.jar:/opt/nifi/nifi-current/./lib/jetty-schemas-3.1.jar:/opt/nifi/nifi-current/./lib/nifi-stateless-api-1.14.0.jar:/opt/nifi/nifi-current/./lib/logback-classic-1.2.3.jar:/opt/nifi/nifi-current/./lib/nifi-properties-1.14.0.jar:/opt/nifi/nifi-current/./lib/nifi-runtime-1.14.0.jar:/opt/nifi/nifi-current/./lib/nifi-api-1.14.0.jar -Dorg.apache.jasper.compiler.disablejsr199=true -Xmx512m -Xms512m -Dcurator-log-only-first-connection-issue-as-error-level=true -Djavax.security.auth.useSubjectCredsOnly=true -Djava.security.egd=file:/dev/urandom -Dzookeeper.admin.enableServer=false -Dsun.net.http.allowRestrictedHeaders=true -Djava.net.preferIPv4Stack=true -Djava.awt.headless=true -Djava.protocol.handler.pkgs=sun.net.www.protocol -Dnifi.properties.file.path=/opt/nifi/nifi-current/./conf/nifi.properties -Dnifi.bootstrap.listen.port=37461 -Dapp=NiFi -Dorg.apache.nifi.bootstrap.config.log.dir=/opt/nifi/nifi-current/logs org.apache.nifi.NiFi 
2024-06-10 17:16:29,244 INFO [main] org.apache.nifi.bootstrap.Command Launched Apache NiFi with Process ID 92
2024-06-10 17:16:30,992 INFO [NiFi Bootstrap Command Listener] org.apache.nifi.bootstrap.RunNiFi Apache NiFi now running and listening for Bootstrap requests on port 35627
2024-06-10 17:21:04,515 INFO [main] o.a.n.b.NotificationServiceManager Successfully loaded the following 0 services: []
2024-06-10 17:21:04,519 INFO [main] org.apache.nifi.bootstrap.RunNiFi Registered no Notification Services for Notification Type NIFI_STARTED
2024-06-10 17:21:04,519 INFO [main] org.apache.nifi.bootstrap.RunNiFi Registered no Notification Services for Notification Type NIFI_STOPPED
2024-06-10 17:21:04,520 INFO [main] org.apache.nifi.bootstrap.RunNiFi Registered no Notification Services for Notification Type NIFI_DIED
2024-06-10 17:21:04,535 INFO [main] org.apache.nifi.bootstrap.Command Apache NiFi has accepted the Shutdown Command and is shutting down now
2024-06-10 17:21:04,559 INFO [main] org.apache.nifi.bootstrap.Command Waiting for Apache NiFi to finish shutting down...
2024-06-10 17:21:06,568 INFO [main] org.apache.nifi.bootstrap.Command Waiting for Apache NiFi to finish shutting down...
2024-06-10 17:21:08,577 INFO [main] org.apache.nifi.bootstrap.Command Waiting for Apache NiFi to finish shutting down...
2024-06-10 17:21:10,582 INFO [main] org.apache.nifi.bootstrap.Command Waiting for Apache NiFi to finish shutting down...
2024-06-10 17:21:12,593 INFO [main] org.apache.nifi.bootstrap.Command Waiting for Apache NiFi to finish shutting down...
2024-06-10 17:21:58,498 INFO [main] o.a.n.b.NotificationServiceManager Successfully loaded the following 0 services: []
2024-06-10 17:21:58,508 INFO [main] org.apache.nifi.bootstrap.RunNiFi Registered no Notification Services for Notification Type NIFI_STARTED
2024-06-10 17:21:58,508 INFO [main] org.apache.nifi.bootstrap.RunNiFi Registered no Notification Services for Notification Type NIFI_STOPPED
2024-06-10 17:21:58,508 INFO [main] org.apache.nifi.bootstrap.RunNiFi Registered no Notification Services for Notification Type NIFI_DIED
2024-06-10 17:21:58,516 INFO [main] org.apache.nifi.bootstrap.RunNiFi Runtime Java version: 1.8.0_292
2024-06-10 17:21:59,268 INFO [main] org.apache.nifi.bootstrap.Command Starting Apache NiFi...
2024-06-10 17:21:59,269 INFO [main] org.apache.nifi.bootstrap.Command Working Directory: /opt/nifi/nifi-current
2024-06-10 17:21:59,270 INFO [main] org.apache.nifi.bootstrap.Command Command: /usr/local/openjdk-8/bin/java -classpath /opt/nifi/nifi-current/./conf:/opt/nifi/nifi-current/./lib/log4j-over-slf4j-1.7.30.jar:/opt/nifi/nifi-current/./lib/jul-to-slf4j-1.7.30.jar:/opt/nifi/nifi-current/./lib/jcl-over-slf4j-1.7.30.jar:/opt/nifi/nifi-current/./lib/logback-core-1.2.3.jar:/opt/nifi/nifi-current/./lib/nifi-framework-api-1.14.0.jar:/opt/nifi/nifi-current/./lib/nifi-property-utils-1.14.0.jar:/opt/nifi/nifi-current/./lib/nifi-stateless-bootstrap-1.14.0.jar:/opt/nifi/nifi-current/./lib/nifi-server-api-1.14.0.jar:/opt/nifi/nifi-current/./lib/javax.servlet-api-3.1.0.jar:/opt/nifi/nifi-current/./lib/slf4j-api-1.7.30.jar:/opt/nifi/nifi-current/./lib/nifi-nar-utils-1.14.0.jar:/opt/nifi/nifi-current/./lib/jetty-schemas-3.1.jar:/opt/nifi/nifi-current/./lib/nifi-stateless-api-1.14.0.jar:/opt/nifi/nifi-current/./lib/logback-classic-1.2.3.jar:/opt/nifi/nifi-current/./lib/nifi-properties-1.14.0.jar:/opt/nifi/nifi-current/./lib/nifi-runtime-1.14.0.jar:/opt/nifi/nifi-current/./lib/nifi-api-1.14.0.jar -Dorg.apache.jasper.compiler.disablejsr199=true -Xmx512m -Xms512m -Dcurator-log-only-first-connection-issue-as-error-level=true -Djavax.security.auth.useSubjectCredsOnly=true -Djava.security.egd=file:/dev/urandom -Dzookeeper.admin.enableServer=false -Dsun.net.http.allowRestrictedHeaders=true -Djava.net.preferIPv4Stack=true -Djava.awt.headless=true -Djava.protocol.handler.pkgs=sun.net.www.protocol -Dnifi.properties.file.path=/opt/nifi/nifi-current/./conf/nifi.properties -Dnifi.bootstrap.listen.port=36145 -Dapp=NiFi -Dorg.apache.nifi.bootstrap.config.log.dir=/opt/nifi/nifi-current/logs org.apache.nifi.NiFi 
2024-06-10 17:21:59,409 INFO [main] org.apache.nifi.bootstrap.Command Launched Apache NiFi with Process ID 90
2024-06-10 17:22:02,184 INFO [NiFi Bootstrap Command Listener] org.apache.nifi.bootstrap.RunNiFi Apache NiFi now running and listening for Bootstrap requests on port 34547
2024-06-10 19:37:34,069 INFO [main] o.a.n.b.NotificationServiceManager Successfully loaded the following 0 services: []
2024-06-10 19:37:34,074 INFO [main] org.apache.nifi.bootstrap.RunNiFi Registered no Notification Services for Notification Type NIFI_STARTED
2024-06-10 19:37:34,074 INFO [main] org.apache.nifi.bootstrap.RunNiFi Registered no Notification Services for Notification Type NIFI_STOPPED
2024-06-10 19:37:34,074 INFO [main] org.apache.nifi.bootstrap.RunNiFi Registered no Notification Services for Notification Type NIFI_DIED
2024-06-10 19:37:34,187 INFO [main] org.apache.nifi.bootstrap.Command Apache NiFi has accepted the Shutdown Command and is shutting down now
2024-06-10 19:37:34,328 INFO [main] org.apache.nifi.bootstrap.Command Waiting for Apache NiFi to finish shutting down...
2024-06-10 19:37:36,334 INFO [main] org.apache.nifi.bootstrap.Command Waiting for Apache NiFi to finish shutting down...
2024-06-10 19:37:38,339 INFO [main] org.apache.nifi.bootstrap.Command Waiting for Apache NiFi to finish shutting down...
2024-06-10 19:37:40,345 INFO [main] org.apache.nifi.bootstrap.Command Waiting for Apache NiFi to finish shutting down...
