2024-06-13 04:11:27,644 INFO [main] o.a.n.b.NotificationServiceManager Successfully loaded the following 0 services: []
2024-06-13 04:11:27,652 INFO [main] org.apache.nifi.bootstrap.RunNiFi Registered no Notification Services for Notification Type NIFI_STARTED
2024-06-13 04:11:27,653 INFO [main] org.apache.nifi.bootstrap.RunNiFi Registered no Notification Services for Notification Type NIFI_STOPPED
2024-06-13 04:11:27,653 INFO [main] org.apache.nifi.bootstrap.RunNiFi Registered no Notification Services for Notification Type NIFI_DIED
2024-06-13 04:11:27,726 INFO [main] org.apache.nifi.bootstrap.RunNiFi Runtime Java version: 1.8.0_292
2024-06-13 04:11:27,748 INFO [main] org.apache.nifi.bootstrap.Command Starting Apache NiFi...
2024-06-13 04:11:27,748 INFO [main] org.apache.nifi.bootstrap.Command Working Directory: /opt/nifi/nifi-current
2024-06-13 04:11:27,748 INFO [main] org.apache.nifi.bootstrap.Command Command: /usr/local/openjdk-8/bin/java -classpath /opt/nifi/nifi-current/./conf:/opt/nifi/nifi-current/./lib/log4j-over-slf4j-1.7.30.jar:/opt/nifi/nifi-current/./lib/jul-to-slf4j-1.7.30.jar:/opt/nifi/nifi-current/./lib/jcl-over-slf4j-1.7.30.jar:/opt/nifi/nifi-current/./lib/logback-core-1.2.3.jar:/opt/nifi/nifi-current/./lib/nifi-framework-api-1.14.0.jar:/opt/nifi/nifi-current/./lib/nifi-property-utils-1.14.0.jar:/opt/nifi/nifi-current/./lib/nifi-stateless-bootstrap-1.14.0.jar:/opt/nifi/nifi-current/./lib/nifi-server-api-1.14.0.jar:/opt/nifi/nifi-current/./lib/javax.servlet-api-3.1.0.jar:/opt/nifi/nifi-current/./lib/slf4j-api-1.7.30.jar:/opt/nifi/nifi-current/./lib/nifi-nar-utils-1.14.0.jar:/opt/nifi/nifi-current/./lib/jetty-schemas-3.1.jar:/opt/nifi/nifi-current/./lib/nifi-stateless-api-1.14.0.jar:/opt/nifi/nifi-current/./lib/logback-classic-1.2.3.jar:/opt/nifi/nifi-current/./lib/nifi-properties-1.14.0.jar:/opt/nifi/nifi-current/./lib/nifi-runtime-1.14.0.jar:/opt/nifi/nifi-current/./lib/nifi-api-1.14.0.jar -Dorg.apache.jasper.compiler.disablejsr199=true -Xmx512m -Xms512m -Dcurator-log-only-first-connection-issue-as-error-level=true -Djavax.security.auth.useSubjectCredsOnly=true -Djava.security.egd=file:/dev/urandom -Dzookeeper.admin.enableServer=false -Dsun.net.http.allowRestrictedHeaders=true -Djava.net.preferIPv4Stack=true -Djava.awt.headless=true -Djava.protocol.handler.pkgs=sun.net.www.protocol -Dnifi.properties.file.path=/opt/nifi/nifi-current/./conf/nifi.properties -Dnifi.bootstrap.listen.port=42751 -Dapp=NiFi -Dorg.apache.nifi.bootstrap.config.log.dir=/opt/nifi/nifi-current/logs org.apache.nifi.NiFi 
2024-06-13 04:11:27,768 INFO [main] org.apache.nifi.bootstrap.Command Launched Apache NiFi with Process ID 93
2024-06-13 04:11:29,307 INFO [NiFi Bootstrap Command Listener] org.apache.nifi.bootstrap.RunNiFi Apache NiFi now running and listening for Bootstrap requests on port 37279
2024-06-13 10:39:58,414 INFO [main] o.a.n.b.NotificationServiceManager Successfully loaded the following 0 services: []
2024-06-13 10:39:58,424 INFO [main] org.apache.nifi.bootstrap.RunNiFi Registered no Notification Services for Notification Type NIFI_STARTED
2024-06-13 10:39:58,424 INFO [main] org.apache.nifi.bootstrap.RunNiFi Registered no Notification Services for Notification Type NIFI_STOPPED
2024-06-13 10:39:58,425 INFO [main] org.apache.nifi.bootstrap.RunNiFi Registered no Notification Services for Notification Type NIFI_DIED
2024-06-13 10:39:58,541 INFO [main] org.apache.nifi.bootstrap.RunNiFi Runtime Java version: 1.8.0_292
2024-06-13 10:39:58,588 INFO [main] org.apache.nifi.bootstrap.Command Starting Apache NiFi...
2024-06-13 10:39:58,589 INFO [main] org.apache.nifi.bootstrap.Command Working Directory: /opt/nifi/nifi-current
2024-06-13 10:39:58,589 INFO [main] org.apache.nifi.bootstrap.Command Command: /usr/local/openjdk-8/bin/java -classpath /opt/nifi/nifi-current/./conf:/opt/nifi/nifi-current/./lib/log4j-over-slf4j-1.7.30.jar:/opt/nifi/nifi-current/./lib/jul-to-slf4j-1.7.30.jar:/opt/nifi/nifi-current/./lib/jcl-over-slf4j-1.7.30.jar:/opt/nifi/nifi-current/./lib/logback-core-1.2.3.jar:/opt/nifi/nifi-current/./lib/nifi-framework-ap2024-06-13 10:43:26,741 INFO [main] o.a.n.b.NotificationServiceManager Successfully loaded the following 0 services: []
2024-06-13 10:43:26,753 INFO [main] org.apache.nifi.bootstrap.RunNiFi Registered no Notification Services for Notification Type NIFI_STARTED
2024-06-13 10:43:26,753 INFO [main] org.apache.nifi.bootstrap.RunNiFi Registered no Notification Services for Notification Type NIFI_STOPPED
2024-06-13 10:43:26,753 INFO [main] org.apache.nifi.bootstrap.RunNiFi Registered no Notification Services for Notification Type NIFI_DIED
2024-06-13 10:43:26,765 INFO [main] org.apache.nifi.bootstrap.RunNiFi Runtime Java version: 1.8.0_292
2024-06-13 10:43:26,817 INFO [main] org.apache.nifi.bootstrap.Command Starting Apache NiFi...
2024-06-13 10:43:26,817 INFO [main] org.apache.nifi.bootstrap.Command Working Directory: /opt/nifi/nifi-current
2024-06-13 10:43:26,817 INFO [main] org.apache.nifi.bootstrap.Command Command: /usr/local/openjdk-8/bin/java -classpath /opt/nifi/nifi-current/./conf:/opt/nifi/nifi-current/./lib/log4j-over-slf4j-1.7.30.jar:/opt/nifi/nifi-current/./lib/jul-to-slf4j-1.7.30.jar:/opt/nifi/nifi-current/./lib/jcl-over-slf4j-1.7.30.jar:/opt/nifi/nifi-current/./lib/logback-core-1.2.3.jar:/opt/nifi/nifi-current/./lib/nifi-framework-api-1.14.0.jar:/opt/nifi/nifi-current/./lib/nifi-property-utils-1.14.0.jar:/opt/nifi/nifi-current/./lib/nifi-stateless-bootstrap-1.14.0.jar:/opt/nifi/nifi-current/./lib/nifi-server-api-1.14.0.jar:/opt/nifi/nifi-current/./lib/javax.servlet-api-3.1.0.jar:/opt/nifi/nifi-current/./lib/slf4j-api-1.7.30.jar:/opt/nifi/nifi-current/./lib/nifi-nar-utils-1.14.0.jar:/opt/nifi/nifi-current/./lib/jetty-schemas-3.1.jar:/opt/nifi/nifi-current/./lib/nifi-stateless-api-1.14.0.jar:/opt/nifi/nifi-current/./lib/logback-classic-1.2.3.jar:/opt/nifi/nifi-current/./lib/nifi-properties-1.14.0.jar:/opt/nifi/nifi-current/./lib/nifi-runtime-1.14.0.jar:/opt/nifi/nifi-current/./lib/nifi-api-1.14.0.jar -Dorg.apache.jasper.compiler.disablejsr199=true -Xmx512m -Xms512m -Dcurator-log-only-first-connection-issue-as-error-level=true -Djavax.security.auth.useSubjectCredsOnly=true -Djava.security.egd=file:/dev/urandom -Dzookeeper.admin.enableServer=false -Dsun.net.http.allowRestrictedHeaders=true -Djava.net.preferIPv4Stack=true -Djava.awt.headless=true -Djava.protocol.handler.pkgs=sun.net.www.protocol -Dnifi.properties.file.path=/opt/nifi/nifi-current/./conf/nifi.properties -Dnifi.bootstrap.listen.port=37059 -Dapp=NiFi -Dorg.apache.nifi.bootstrap.config.log.dir=/opt/nifi/nifi-current/logs org.apache.nifi.NiFi 
2024-06-13 10:43:26,947 INFO [main] org.apache.nifi.bootstrap.Command Launched Apache NiFi with Process ID 89
2024-06-13 10:43:30,238 INFO [NiFi Bootstrap Command Listener] org.apache.nifi.bootstrap.RunNiFi Apache NiFi now running and listening for Bootstrap requests on port 35565
